<?xml version="1.0" encoding="UTF-8"?>
<!-- Generated by org.testng.reporters.JUnitReportReporter -->
<testsuite skipped="0" hostname="GSIPC-5083" name="com.selenium.testcases.Frame_Handling" tests="1" failures="0" timestamp="2020-11-05T20:23:05 IST" time="16.320" errors="0">
  <testcase name="frames_handling" time="16.320" classname="com.selenium.testcases.Frame_Handling"/>
  <system-out/>
</testsuite> <!-- com.selenium.testcases.Frame_Handling -->
