<?xml version="1.0" encoding="UTF-8"?>
<!-- Generated by org.testng.reporters.JUnitReportReporter -->
<testsuite skipped="0" hostname="GSIPC-5083" name="com.selenium.testcases.Four" tests="1" failures="0" timestamp="2020-10-21T20:13:33 IST" time="0.026" errors="0">
  <testcase name="tc_01" time="0.026" classname="com.selenium.testcases.Four"/>
  <system-out/>
</testsuite> <!-- com.selenium.testcases.Four -->
