<?xml version="1.0" encoding="UTF-8"?>
<!-- Generated by org.testng.reporters.JUnitReportReporter -->
<testsuite skipped="0" hostname="GSIPC-5083" name="com.selenium.testcases.Slider_Example" tests="1" failures="0" timestamp="2020-11-05T20:03:35 IST" time="12.646" errors="0">
  <testcase name="slider_01" time="12.646" classname="com.selenium.testcases.Slider_Example"/>
  <system-out/>
</testsuite> <!-- com.selenium.testcases.Slider_Example -->
