<?xml version="1.0" encoding="UTF-8"?>
<!-- Generated by org.testng.reporters.JUnitReportReporter -->
<testsuite skipped="0" hostname="GSIPC-5083" name="com.jackson.json.Json_02" tests="2" failures="0" timestamp="2020-10-30T23:59:07 IST" time="0.778" errors="0">
  <testcase name="read_01" time="0.772" classname="com.jackson.json.Json_02"/>
  <system-out/>
  <testcase name="read_02" time="0.006" classname="com.jackson.json.Json_02"/>
  <system-out/>
</testsuite> <!-- com.jackson.json.Json_02 -->
