<?xml version="1.0" encoding="UTF-8"?>
<!-- Generated by org.testng.reporters.JUnitReportReporter -->
<testsuite skipped="0" hostname="GSIPC-5083" name="com.selenium.testcases.TC_01_EditTextBox" tests="1" failures="0" timestamp="2020-10-26T12:18:47 IST" time="16.399" errors="0">
  <testcase name="one" time="16.399" classname="com.selenium.testcases.TC_01_EditTextBox"/>
  <system-out/>
</testsuite> <!-- com.selenium.testcases.TC_01_EditTextBox -->
