<?xml version="1.0" encoding="UTF-8"?>
<!-- Generated by org.testng.reporters.JUnitReportReporter -->
<testsuite skipped="0" hostname="GSIPC-5083" name="com.selenium.cucumber.runner.Edit_Runner" tests="1" failures="0" timestamp="2020-10-30T19:44:08 IST" time="26.927" errors="0">
  <testcase name="feature" time="26.927" classname="com.selenium.cucumber.runner.Edit_Runner"/>
  <system-out/>
</testsuite> <!-- com.selenium.cucumber.runner.Edit_Runner -->
