<?xml version="1.0" encoding="UTF-8"?>
<!-- Generated by org.testng.reporters.JUnitReportReporter -->
<testsuite skipped="0" hostname="GSIPC-5083" name="com.selenium.cucumber.runner.Selenium_Easy_runner" tests="1" failures="0" timestamp="2020-11-01T10:36:29 IST" time="107.772" errors="0">
  <testcase name="feature" time="107.772" classname="com.selenium.cucumber.runner.Selenium_Easy_runner"/>
  <system-out/>
</testsuite> <!-- com.selenium.cucumber.runner.Selenium_Easy_runner -->
