<?xml version="1.0" encoding="UTF-8"?>
<!-- Generated by org.testng.reporters.JUnitReportReporter -->
<testsuite skipped="0" hostname="GSIPC-5083" name="com.selenium.testcases.SingleLoginultipleTime" tests="1" failures="0" timestamp="2020-10-22T15:05:47 IST" time="29.753" errors="0">
  <testcase name="tc_01" time="29.753" classname="com.selenium.testcases.SingleLoginultipleTime"/>
  <system-out/>
</testsuite> <!-- com.selenium.testcases.SingleLoginultipleTime -->
