<?xml version="1.0" encoding="UTF-8"?>
<!-- Generated by org.testng.reporters.JUnitReportReporter -->
<testsuite skipped="0" hostname="GSIPC-5083" name="com.selenium.testcases.TC_04_Windows" tests="1" failures="0" timestamp="2020-10-26T12:18:47 IST" time="18.329" errors="0">
  <testcase name="Windows_Tab" time="18.329" classname="com.selenium.testcases.TC_04_Windows"/>
  <system-out/>
</testsuite> <!-- com.selenium.testcases.TC_04_Windows -->
