<?xml version="1.0" encoding="UTF-8"?>
<!-- Generated by org.testng.reporters.JUnitReportReporter -->
<testsuite skipped="0" hostname="GSIPC-5083" name="com.cucumber.common.CucumberHook" tests="1" failures="0" timestamp="2020-10-30T13:39:54 IST" time="0.018" errors="0">
  <testcase name="one" time="0.018" classname="com.cucumber.common.CucumberHook"/>
  <system-out/>
</testsuite> <!-- com.cucumber.common.CucumberHook -->
