<?xml version="1.0" encoding="UTF-8"?>
<!-- Generated by org.testng.reporters.JUnitReportReporter -->
<testsuite skipped="3" hostname="GSIPC-5083" name="com.rest.assued.Get_01" tests="5" failures="0" timestamp="2020-11-02T21:45:37 IST" time="4.203" errors="0">
  <testcase name="tc_01" time="1.410" classname="com.rest.assued.Get_01"/>
  <system-out/>
  <testcase name="tc_05" time="2.793" classname="com.rest.assued.Get_01"/>
  <system-out/>
  <testcase name="tc_02" classname="com.rest.assued.Get_01">
    <skipped/>
  </testcase> <!-- tc_02 -->
  <system-out/>
  <testcase name="tc_03" classname="com.rest.assued.Get_01">
    <skipped/>
  </testcase> <!-- tc_03 -->
  <system-out/>
  <testcase name="tc_04" classname="com.rest.assued.Get_01">
    <skipped/>
  </testcase> <!-- tc_04 -->
  <system-out/>
</testsuite> <!-- com.rest.assued.Get_01 -->
