<?xml version="1.0" encoding="UTF-8"?>
<!-- Generated by org.testng.reporters.JUnitReportReporter -->
<testsuite skipped="1" hostname="GSIPC-5083" name="com.selenium.db.GetAllValue_DB" tests="2" failures="0" timestamp="2020-11-03T19:28:35 IST" time="0.092" errors="0">
  <testcase name="two" time="0.092" classname="com.selenium.db.GetAllValue_DB"/>
  <system-out/>
  <testcase name="one" classname="com.selenium.db.GetAllValue_DB">
    <skipped/>
  </testcase> <!-- one -->
  <system-out/>
</testsuite> <!-- com.selenium.db.GetAllValue_DB -->
