<?xml version="1.0" encoding="UTF-8"?>
<!-- Generated by org.testng.reporters.JUnitReportReporter -->
<testsuite skipped="0" hostname="GSIPC-5083" name="com.excel.reading.Json_Read_Implement" tests="1" failures="0" timestamp="2020-11-04T22:29:24 IST" time="0.036" errors="0">
  <testcase name="json_read" time="0.036" classname="com.excel.reading.Json_Read_Implement"/>
  <system-out/>
</testsuite> <!-- com.excel.reading.Json_Read_Implement -->
