<?xml version="1.0" encoding="UTF-8"?>
<!-- Generated by org.testng.reporters.JUnitReportReporter -->
<testsuite skipped="0" hostname="GSIPC-5083" name="com.excel.reading.Excel_Read_Implement_01" tests="3" failures="0" timestamp="2020-11-03T21:35:11 IST" time="0.022" errors="0">
  <testcase name="excel_read_1" time="0.014" classname="com.excel.reading.Excel_Read_Implement_01"/>
  <system-out/>
  <testcase name="one" time="0.004" classname="com.excel.reading.Excel_Read_Implement_01"/>
  <system-out/>
  <testcase name="excel_read_2" time="0.004" classname="com.excel.reading.Excel_Read_Implement_01"/>
  <system-out/>
</testsuite> <!-- com.excel.reading.Excel_Read_Implement_01 -->
