<?xml version="1.0" encoding="UTF-8"?>
<!-- Generated by org.testng.reporters.JUnitReportReporter -->
<testsuite skipped="0" hostname="GSIPC-5083" name="com.selenium.practice.AllureReport" tests="2" failures="0" timestamp="2020-11-24T20:37:53 IST" time="0.778" errors="0">
  <testcase name="tc_01" time="0.254" classname="com.selenium.practice.AllureReport"/>
  <system-out/>
  <testcase name="tc_02" time="0.524" classname="com.selenium.practice.AllureReport"/>
  <system-out/>
</testsuite> <!-- com.selenium.practice.AllureReport -->
