<?xml version="1.0" encoding="UTF-8"?>
<!-- Generated by org.testng.reporters.JUnitReportReporter -->
<testsuite skipped="1" hostname="GSIPC-5083" name="com.selenium.practice.ImageDownload" tests="5" failures="0" timestamp="2020-11-23T21:26:37 IST" time="52.482" errors="0">
  <testcase name="google" time="10.170" classname="com.selenium.practice.ImageDownload"/>
  <system-out/>
  <testcase name="flipkart" time="13.220" classname="com.selenium.practice.ImageDownload"/>
  <system-out/>
  <testcase name="amazon" time="14.393" classname="com.selenium.practice.ImageDownload"/>
  <system-out/>
  <testcase name="ajio" time="14.699" classname="com.selenium.practice.ImageDownload"/>
  <system-out/>
  <testcase name="jewelleryroom" classname="com.selenium.practice.ImageDownload">
    <skipped/>
  </testcase> <!-- jewelleryroom -->
  <system-out/>
</testsuite> <!-- com.selenium.practice.ImageDownload -->
