<?xml version="1.0" encoding="UTF-8"?>
<!-- Generated by org.testng.reporters.JUnitReportReporter -->
<testsuite skipped="0" hostname="GSIPC-5083" name="com.selenium.testcases.TC_03_Buttons" tests="1" failures="0" timestamp="2020-10-26T12:18:47 IST" time="10.852" errors="0">
  <testcase name="Button_Page" time="10.852" classname="com.selenium.testcases.TC_03_Buttons"/>
  <system-out/>
</testsuite> <!-- com.selenium.testcases.TC_03_Buttons -->
