<?xml version="1.0" encoding="UTF-8"?>
<!-- Generated by org.testng.reporters.JUnitReportReporter -->
<testsuite skipped="0" hostname="GSIPC-5083" name="com.selenium.common.SelenumCommon" tests="1" failures="0" timestamp="2020-10-16T21:22:05 IST" time="0.015" errors="0">
  <testcase name="one" time="0.015" classname="com.selenium.common.SelenumCommon"/>
  <system-out/>
</testsuite> <!-- com.selenium.common.SelenumCommon -->
