<?xml version="1.0" encoding="UTF-8"?>
<!-- Generated by org.testng.reporters.JUnitReportReporter -->
<testsuite skipped="0" hostname="GSIPC-5083" name="com.jackson.json.Json_02" tests="2" failures="0" timestamp="2020-11-04T19:12:25 IST" time="0.742" errors="0">
  <testcase name="read_02" time="0.007" classname="com.jackson.json.Json_02"/>
  <system-out/>
  <testcase name="read_01" time="0.735" classname="com.jackson.json.Json_02"/>
  <system-out/>
</testsuite> <!-- com.jackson.json.Json_02 -->
